[EL Warning]: metadata: 2013-09-14 11:58:52.413--ServerSession(263947924)--Reverting the lazy setting on the OneToOne or ManyToOne attribute [dataSource] for the entity class [class model.entity.plant.Historical] since weaving was not enabled or did not occur.
[EL Warning]: metadata: 2013-09-14 11:58:52.42--ServerSession(263947924)--Reverting the lazy setting on the OneToOne or ManyToOne attribute [request] for the entity class [class model.entity.plant.ScheduleForUser] since weaving was not enabled or did not occur.
[EL Warning]: metadata: 2013-09-14 11:58:52.42--ServerSession(263947924)--Reverting the lazy setting on the OneToOne or ManyToOne attribute [mab] for the entity class [class model.entity.plant.ScheduleForUser] since weaving was not enabled or did not occur.
[EL Warning]: metadata: 2013-09-14 11:58:52.421--ServerSession(263947924)--Reverting the lazy setting on the OneToOne or ManyToOne attribute [dataSourceType] for the entity class [class model.entity.plant.meta.SourceMeta] since weaving was not enabled or did not occur.
[EL Warning]: metadata: 2013-09-14 11:58:52.437--ServerSession(263947924)--Reverting the lazy setting on the OneToOne or ManyToOne attribute [queue] for the entity class [class model.entity.plant.DataSource] since weaving was not enabled or did not occur.
[EL Warning]: metadata: 2013-09-14 11:58:52.437--ServerSession(263947924)--Reverting the lazy setting on the OneToOne or ManyToOne attribute [component] for the entity class [class model.entity.plant.DataSource] since weaving was not enabled or did not occur.
[EL Warning]: metadata: 2013-09-14 11:58:52.438--ServerSession(263947924)--Reverting the lazy setting on the OneToOne or ManyToOne attribute [location] for the entity class [class model.entity.plant.DataSource] since weaving was not enabled or did not occur.
[EL Warning]: metadata: 2013-09-14 11:58:52.439--ServerSession(263947924)--Reverting the lazy setting on the OneToOne or ManyToOne attribute [dataSource] for the entity class [class model.entity.plant.Alarm] since weaving was not enabled or did not occur.
[EL Warning]: metadata: 2013-09-14 11:58:52.44--ServerSession(263947924)--Reverting the lazy setting on the OneToOne or ManyToOne attribute [alarm] for the entity class [class model.entity.plant.ScheduleRequest] since weaving was not enabled or did not occur.
[EL Warning]: metadata: 2013-09-14 11:58:52.44--ServerSession(263947924)--Reverting the lazy setting on the OneToOne or ManyToOne attribute [dataSource] for the entity class [class model.entity.plant.Mab] since weaving was not enabled or did not occur.
[EL Warning]: metadata: 2013-09-14 11:58:52.441--ServerSession(263947924)--Reverting the lazy setting on the OneToOne or ManyToOne attribute [dataSource] for the entity class [class model.entity.plant.RawDataForDataSource] since weaving was not enabled or did not occur.
[EL Warning]: metadata: 2013-09-14 11:58:52.441--ServerSession(263947924)--Reverting the lazy setting on the OneToOne or ManyToOne attribute [dataSource] for the entity class [class model.entity.plant.RawDataIndexerHeader] since weaving was not enabled or did not occur.
[EL Warning]: 2013-09-14 11:58:52.914--ServerSession(263947924)--Exception [EclipseLink-4002] (Eclipse Persistence Services - 2.4.1.v20121003-ad44345): org.eclipse.persistence.exceptions.DatabaseException
Internal Exception: com.mysql.jdbc.exceptions.jdbc4.MySQLSyntaxErrorException: Table 'relatorio' already exists
Error Code: 1050
Call: CREATE TABLE RELATORIO (codigo BIGINT NOT NULL, DATA_REGISTRO DATETIME, NOME_CUBO VARCHAR(255) NOT NULL, DESCRICAO VARCHAR(255) NOT NULL, MDX_QUERY VARCHAR(255), NOME VARCHAR(255) NOT NULL, LOGIN_USUARIO VARCHAR(255), PRIMARY KEY (codigo))
Query: DataModifyQuery(sql="CREATE TABLE RELATORIO (codigo BIGINT NOT NULL, DATA_REGISTRO DATETIME, NOME_CUBO VARCHAR(255) NOT NULL, DESCRICAO VARCHAR(255) NOT NULL, MDX_QUERY VARCHAR(255), NOME VARCHAR(255) NOT NULL, LOGIN_USUARIO VARCHAR(255), PRIMARY KEY (codigo))")
[EL Warning]: 2013-09-14 11:58:52.916--ServerSession(263947924)--Exception [EclipseLink-4002] (Eclipse Persistence Services - 2.4.1.v20121003-ad44345): org.eclipse.persistence.exceptions.DatabaseException
Internal Exception: com.mysql.jdbc.exceptions.jdbc4.MySQLSyntaxErrorException: Table 'historico_vida_util' already exists
Error Code: 1050
Call: CREATE TABLE HISTORICO_VIDA_UTIL (CODIGO BIGINT NOT NULL, DATA_REGISTRO DATETIME, VIDA_HORAS FLOAT, VIDA_PERCENTUAL FLOAT, METODO INTEGER, OMEGA FLOAT, DATA_MEDIDA BIGINT, COD_FONTE_DADO BIGINT NOT NULL, PRIMARY KEY (CODIGO))
Query: DataModifyQuery(sql="CREATE TABLE HISTORICO_VIDA_UTIL (CODIGO BIGINT NOT NULL, DATA_REGISTRO DATETIME, VIDA_HORAS FLOAT, VIDA_PERCENTUAL FLOAT, METODO INTEGER, OMEGA FLOAT, DATA_MEDIDA BIGINT, COD_FONTE_DADO BIGINT NOT NULL, PRIMARY KEY (CODIGO))")
[EL Warning]: 2013-09-14 11:58:52.918--ServerSession(263947924)--Exception [EclipseLink-4002] (Eclipse Persistence Services - 2.4.1.v20121003-ad44345): org.eclipse.persistence.exceptions.DatabaseException
Internal Exception: com.mysql.jdbc.exceptions.jdbc4.MySQLSyntaxErrorException: Table 'alarme' already exists
Error Code: 1050
Call: CREATE TABLE ALARME (CODIGO BIGINT NOT NULL, DADOS_ALARMES VARCHAR(2048) NOT NULL, DATA_ALARME BIGINT NOT NULL, DATA_REGISTRO DATETIME, TEXTO_INTERVENCAO VARCHAR(255), DATA_INTERVENCAO BIGINT, REMOTE_ALARME_CODE BIGINT, SUPERVISOR VARCHAR(255), COD_FONTE_DADO BIGINT NOT NULL, PRIMARY KEY (CODIGO))
Query: DataModifyQuery(sql="CREATE TABLE ALARME (CODIGO BIGINT NOT NULL, DADOS_ALARMES VARCHAR(2048) NOT NULL, DATA_ALARME BIGINT NOT NULL, DATA_REGISTRO DATETIME, TEXTO_INTERVENCAO VARCHAR(255), DATA_INTERVENCAO BIGINT, REMOTE_ALARME_CODE BIGINT, SUPERVISOR VARCHAR(255), COD_FONTE_DADO BIGINT NOT NULL, PRIMARY KEY (CODIGO))")
[EL Warning]: 2013-09-14 11:58:52.919--ServerSession(263947924)--Exception [EclipseLink-4002] (Eclipse Persistence Services - 2.4.1.v20121003-ad44345): org.eclipse.persistence.exceptions.DatabaseException
Internal Exception: com.mysql.jdbc.exceptions.jdbc4.MySQLSyntaxErrorException: Table 'comportamento' already exists
Error Code: 1050
Call: CREATE TABLE COMPORTAMENTO (CODIGO BIGINT NOT NULL, DATA_REGISTRO DATETIME, DESCRICAO VARCHAR(255), NOME VARCHAR(255) NOT NULL, TIPO INTEGER NOT NULL, TITULO VARCHAR(255), PRIMARY KEY (CODIGO))
Query: DataModifyQuery(sql="CREATE TABLE COMPORTAMENTO (CODIGO BIGINT NOT NULL, DATA_REGISTRO DATETIME, DESCRICAO VARCHAR(255), NOME VARCHAR(255) NOT NULL, TIPO INTEGER NOT NULL, TITULO VARCHAR(255), PRIMARY KEY (CODIGO))")
[EL Warning]: 2013-09-14 11:58:52.92--ServerSession(263947924)--Exception [EclipseLink-4002] (Eclipse Persistence Services - 2.4.1.v20121003-ad44345): org.eclipse.persistence.exceptions.DatabaseException
Internal Exception: com.mysql.jdbc.exceptions.jdbc4.MySQLSyntaxErrorException: Table 'componente' already exists
Error Code: 1050
Call: CREATE TABLE COMPONENTE (CODIGO BIGINT NOT NULL, DATA_REGISTRO DATETIME, DESCRICAO VARCHAR(255), NOME VARCHAR(255) NOT NULL, TITULO VARCHAR(255), ITEM_CODIGO BIGINT NOT NULL, PRIMARY KEY (CODIGO))
Query: DataModifyQuery(sql="CREATE TABLE COMPONENTE (CODIGO BIGINT NOT NULL, DATA_REGISTRO DATETIME, DESCRICAO VARCHAR(255), NOME VARCHAR(255) NOT NULL, TITULO VARCHAR(255), ITEM_CODIGO BIGINT NOT NULL, PRIMARY KEY (CODIGO))")
[EL Warning]: 2013-09-14 11:58:52.921--ServerSession(263947924)--Exception [EclipseLink-4002] (Eclipse Persistence Services - 2.4.1.v20121003-ad44345): org.eclipse.persistence.exceptions.DatabaseException
Internal Exception: com.mysql.jdbc.exceptions.jdbc4.MySQLSyntaxErrorException: Table 'meta_dados' already exists
Error Code: 1050
Call: CREATE TABLE META_DADOS (CODIGO BIGINT NOT NULL, TIPO_CLASSE VARCHAR(31), DATA_REGISTRO DATETIME, DESCRICAO VARCHAR(255), NOME VARCHAR(255) NOT NULL, TITULO VARCHAR(255), TIPO BIGINT NOT NULL, PRIMARY KEY (CODIGO))
Query: DataModifyQuery(sql="CREATE TABLE META_DADOS (CODIGO BIGINT NOT NULL, TIPO_CLASSE VARCHAR(31), DATA_REGISTRO DATETIME, DESCRICAO VARCHAR(255), NOME VARCHAR(255) NOT NULL, TITULO VARCHAR(255), TIPO BIGINT NOT NULL, PRIMARY KEY (CODIGO))")
[EL Warning]: 2013-09-14 11:58:52.922--ServerSession(263947924)--Exception [EclipseLink-4002] (Eclipse Persistence Services - 2.4.1.v20121003-ad44345): org.eclipse.persistence.exceptions.DatabaseException
Internal Exception: com.mysql.jdbc.exceptions.jdbc4.MySQLSyntaxErrorException: Table 'fonte_dado' already exists
Error Code: 1050
Call: CREATE TABLE FONTE_DADO (CODIGO BIGINT NOT NULL, indice INTEGER, STATUS CHAR(1) NOT NULL, COD_COMPONENTE BIGINT NOT NULL, LOCALIZACAO BIGINT NOT NULL, FILA BIGINT NOT NULL, PRIMARY KEY (CODIGO))
Query: DataModifyQuery(sql="CREATE TABLE FONTE_DADO (CODIGO BIGINT NOT NULL, indice INTEGER, STATUS CHAR(1) NOT NULL, COD_COMPONENTE BIGINT NOT NULL, LOCALIZACAO BIGINT NOT NULL, FILA BIGINT NOT NULL, PRIMARY KEY (CODIGO))")
[EL Warning]: 2013-09-14 11:58:52.923--ServerSession(263947924)--Exception [EclipseLink-4002] (Eclipse Persistence Services - 2.4.1.v20121003-ad44345): org.eclipse.persistence.exceptions.DatabaseException
Internal Exception: com.mysql.jdbc.exceptions.jdbc4.MySQLSyntaxErrorException: Table 'historico' already exists
Error Code: 1050
Call: CREATE TABLE HISTORICO (CODIGO BIGINT NOT NULL, MEDIA FLOAT, DATA_REGISTRO DATETIME, MAXIMO FLOAT, MINIMO FLOAT, RMS FLOAT, DATA_MEDIDA BIGINT, INTERVALO_GRAVACAO INTEGER, DESVIO_PADRAO FLOAT, COD_FONTE_DADO BIGINT NOT NULL, PRIMARY KEY (CODIGO))
Query: DataModifyQuery(sql="CREATE TABLE HISTORICO (CODIGO BIGINT NOT NULL, MEDIA FLOAT, DATA_REGISTRO DATETIME, MAXIMO FLOAT, MINIMO FLOAT, RMS FLOAT, DATA_MEDIDA BIGINT, INTERVALO_GRAVACAO INTEGER, DESVIO_PADRAO FLOAT, COD_FONTE_DADO BIGINT NOT NULL, PRIMARY KEY (CODIGO))")
[EL Warning]: 2013-09-14 11:58:52.924--ServerSession(263947924)--Exception [EclipseLink-4002] (Eclipse Persistence Services - 2.4.1.v20121003-ad44345): org.eclipse.persistence.exceptions.DatabaseException
Internal Exception: com.mysql.jdbc.exceptions.jdbc4.MySQLSyntaxErrorException: Table 'unidade_geradora' already exists
Error Code: 1050
Call: CREATE TABLE UNIDADE_GERADORA (CODIGO BIGINT NOT NULL, DATA_REGISTRO DATETIME, DESCRICAO VARCHAR(255), NOME VARCHAR(255) NOT NULL, TITULO VARCHAR(255), COD_USINA BIGINT NOT NULL, PRIMARY KEY (CODIGO))
Query: DataModifyQuery(sql="CREATE TABLE UNIDADE_GERADORA (CODIGO BIGINT NOT NULL, DATA_REGISTRO DATETIME, DESCRICAO VARCHAR(255), NOME VARCHAR(255) NOT NULL, TITULO VARCHAR(255), COD_USINA BIGINT NOT NULL, PRIMARY KEY (CODIGO))")
[EL Warning]: 2013-09-14 11:58:52.926--ServerSession(263947924)--Exception [EclipseLink-4002] (Eclipse Persistence Services - 2.4.1.v20121003-ad44345): org.eclipse.persistence.exceptions.DatabaseException
Internal Exception: com.mysql.jdbc.exceptions.jdbc4.MySQLSyntaxErrorException: Table 'localizacao' already exists
Error Code: 1050
Call: CREATE TABLE LOCALIZACAO (CODIGO BIGINT NOT NULL, DATA_REGISTRO DATETIME, DESCRICAO VARCHAR(255), NOME VARCHAR(255) NOT NULL, TITULO VARCHAR(255), PRIMARY KEY (CODIGO))
Query: DataModifyQuery(sql="CREATE TABLE LOCALIZACAO (CODIGO BIGINT NOT NULL, DATA_REGISTRO DATETIME, DESCRICAO VARCHAR(255), NOME VARCHAR(255) NOT NULL, TITULO VARCHAR(255), PRIMARY KEY (CODIGO))")
[EL Warning]: 2013-09-14 11:58:52.927--ServerSession(263947924)--Exception [EclipseLink-4002] (Eclipse Persistence Services - 2.4.1.v20121003-ad44345): org.eclipse.persistence.exceptions.DatabaseException
Internal Exception: com.mysql.jdbc.exceptions.jdbc4.MySQLSyntaxErrorException: Table 'medida_adquirida_bruta' already exists
Error Code: 1050
Call: CREATE TABLE MEDIDA_ADQUIRIDA_BRUTA (CODIGO BIGINT NOT NULL, DATA_REGISTRO DATETIME, DATA_PRIMEIRA_MEDIDA BIGINT NOT NULL, NUM_ELEMENTOS INTEGER NOT NULL, COD_FONTE_DADO BIGINT NOT NULL, PRIMARY KEY (CODIGO))
Query: DataModifyQuery(sql="CREATE TABLE MEDIDA_ADQUIRIDA_BRUTA (CODIGO BIGINT NOT NULL, DATA_REGISTRO DATETIME, DATA_PRIMEIRA_MEDIDA BIGINT NOT NULL, NUM_ELEMENTOS INTEGER NOT NULL, COD_FONTE_DADO BIGINT NOT NULL, PRIMARY KEY (CODIGO))")
[EL Warning]: 2013-09-14 11:58:52.928--ServerSession(263947924)--Exception [EclipseLink-4002] (Eclipse Persistence Services - 2.4.1.v20121003-ad44345): org.eclipse.persistence.exceptions.DatabaseException
Internal Exception: com.mysql.jdbc.exceptions.jdbc4.MySQLSyntaxErrorException: Table 'usina' already exists
Error Code: 1050
Call: CREATE TABLE USINA (CODIGO BIGINT NOT NULL, DATA_REGISTRO DATETIME, DESCRICAO VARCHAR(255), NOME VARCHAR(255) NOT NULL, TITULO VARCHAR(255), PRIMARY KEY (CODIGO))
Query: DataModifyQuery(sql="CREATE TABLE USINA (CODIGO BIGINT NOT NULL, DATA_REGISTRO DATETIME, DESCRICAO VARCHAR(255), NOME VARCHAR(255) NOT NULL, TITULO VARCHAR(255), PRIMARY KEY (CODIGO))")
[EL Warning]: 2013-09-14 11:58:52.929--ServerSession(263947924)--Exception [EclipseLink-4002] (Eclipse Persistence Services - 2.4.1.v20121003-ad44345): org.eclipse.persistence.exceptions.DatabaseException
Internal Exception: com.mysql.jdbc.exceptions.jdbc4.MySQLSyntaxErrorException: Table 'fila' already exists
Error Code: 1050
Call: CREATE TABLE FILA (CODIGO BIGINT NOT NULL, DATA_REGISTRO DATETIME, DESCRICAO VARCHAR(255), NOME VARCHAR(255) NOT NULL, TITULO VARCHAR(255), PRIMARY KEY (CODIGO))
Query: DataModifyQuery(sql="CREATE TABLE FILA (CODIGO BIGINT NOT NULL, DATA_REGISTRO DATETIME, DESCRICAO VARCHAR(255), NOME VARCHAR(255) NOT NULL, TITULO VARCHAR(255), PRIMARY KEY (CODIGO))")
[EL Warning]: 2013-09-14 11:58:52.93--ServerSession(263947924)--Exception [EclipseLink-4002] (Eclipse Persistence Services - 2.4.1.v20121003-ad44345): org.eclipse.persistence.exceptions.DatabaseException
Internal Exception: com.mysql.jdbc.exceptions.jdbc4.MySQLSyntaxErrorException: Table 'arquivo_dados_brutos' already exists
Error Code: 1050
Call: CREATE TABLE ARQUIVO_DADOS_BRUTOS (CODIGO BIGINT NOT NULL, DATA_REGISTRO DATETIME, ID_ARQUIVO BIGINT NOT NULL, COD_FONTE_DADO BIGINT NOT NULL UNIQUE, PRIMARY KEY (CODIGO))
Query: DataModifyQuery(sql="CREATE TABLE ARQUIVO_DADOS_BRUTOS (CODIGO BIGINT NOT NULL, DATA_REGISTRO DATETIME, ID_ARQUIVO BIGINT NOT NULL, COD_FONTE_DADO BIGINT NOT NULL UNIQUE, PRIMARY KEY (CODIGO))")
[EL Warning]: 2013-09-14 11:58:52.931--ServerSession(263947924)--Exception [EclipseLink-4002] (Eclipse Persistence Services - 2.4.1.v20121003-ad44345): org.eclipse.persistence.exceptions.DatabaseException
Internal Exception: com.mysql.jdbc.exceptions.jdbc4.MySQLSyntaxErrorException: Table 'indice_dados_brutos' already exists
Error Code: 1050
Call: CREATE TABLE INDICE_DADOS_BRUTOS (CODIGO BIGINT NOT NULL, DATA_REGISTRO DATETIME, TIMESTAMP_INICIAL BIGINT NOT NULL, TIMESTAMP_FINAL BIGINT NOT NULL, COD_FONTE_DADO BIGINT NOT NULL, PRIMARY KEY (CODIGO))
Query: DataModifyQuery(sql="CREATE TABLE INDICE_DADOS_BRUTOS (CODIGO BIGINT NOT NULL, DATA_REGISTRO DATETIME, TIMESTAMP_INICIAL BIGINT NOT NULL, TIMESTAMP_FINAL BIGINT NOT NULL, COD_FONTE_DADO BIGINT NOT NULL, PRIMARY KEY (CODIGO))")
[EL Warning]: 2013-09-14 11:58:52.933--ServerSession(263947924)--Exception [EclipseLink-4002] (Eclipse Persistence Services - 2.4.1.v20121003-ad44345): org.eclipse.persistence.exceptions.DatabaseException
Internal Exception: com.mysql.jdbc.exceptions.jdbc4.MySQLSyntaxErrorException: Table 'medicoes_validacao_sadm' already exists
Error Code: 1050
Call: CREATE TABLE MEDICOES_VALIDACAO_SADM (CODIGO BIGINT NOT NULL, DATA_REGISTRO DATETIME, NOME_FONTE_DADO VARCHAR(255) NOT NULL, DATA_MEDIDA BIGINT NOT NULL, PRIMARY KEY (CODIGO))
Query: DataModifyQuery(sql="CREATE TABLE MEDICOES_VALIDACAO_SADM (CODIGO BIGINT NOT NULL, DATA_REGISTRO DATETIME, NOME_FONTE_DADO VARCHAR(255) NOT NULL, DATA_MEDIDA BIGINT NOT NULL, PRIMARY KEY (CODIGO))")
[EL Warning]: 2013-09-14 11:58:52.934--ServerSession(263947924)--Exception [EclipseLink-4002] (Eclipse Persistence Services - 2.4.1.v20121003-ad44345): org.eclipse.persistence.exceptions.DatabaseException
Internal Exception: com.mysql.jdbc.exceptions.jdbc4.MySQLSyntaxErrorException: Table 'agendamento_usuario' already exists
Error Code: 1050
Call: CREATE TABLE AGENDAMENTO_USUARIO (CODIGO BIGINT NOT NULL, DATA_REGISTRO DATETIME, POSICAO_FINAL BIGINT NOT NULL, POSICAO_INICIAL BIGINT NOT NULL, USUARIO VARCHAR(255) NOT NULL, CODIGO_MAB BIGINT NOT NULL, CODIGO_REQUISICAO BIGINT, PRIMARY KEY (CODIGO))
Query: DataModifyQuery(sql="CREATE TABLE AGENDAMENTO_USUARIO (CODIGO BIGINT NOT NULL, DATA_REGISTRO DATETIME, POSICAO_FINAL BIGINT NOT NULL, POSICAO_INICIAL BIGINT NOT NULL, USUARIO VARCHAR(255) NOT NULL, CODIGO_MAB BIGINT NOT NULL, CODIGO_REQUISICAO BIGINT, PRIMARY KEY (CODIGO))")
[EL Warning]: 2013-09-14 11:58:52.936--ServerSession(263947924)--Exception [EclipseLink-4002] (Eclipse Persistence Services - 2.4.1.v20121003-ad44345): org.eclipse.persistence.exceptions.DatabaseException
Internal Exception: com.mysql.jdbc.exceptions.jdbc4.MySQLSyntaxErrorException: Table 'solicitacao_agendamento' already exists
Error Code: 1050
Call: CREATE TABLE SOLICITACAO_AGENDAMENTO (CODIGO BIGINT NOT NULL, DATA_REGISTRO DATETIME, FONTES_DADO VARCHAR(255) NOT NULL, DESCRICAO VARCHAR(255), DURACAO BIGINT NOT NULL, TIMESTAMP_FINAL BIGINT NOT NULL, TIMESTAMP_INICIAL BIGINT NOT NULL, NOME VARCHAR(255) NOT NULL, PERIODO_REPETICAO TINYINT NOT NULL, TIPO_REPETICAO TINYINT NOT NULL, STATUS TINYINT NOT NULL, TITULO VARCHAR(255), USUARIO VARCHAR(255) NOT NULL, COD_ALARME BIGINT, PRIMARY KEY (CODIGO))
Query: DataModifyQuery(sql="CREATE TABLE SOLICITACAO_AGENDAMENTO (CODIGO BIGINT NOT NULL, DATA_REGISTRO DATETIME, FONTES_DADO VARCHAR(255) NOT NULL, DESCRICAO VARCHAR(255), DURACAO BIGINT NOT NULL, TIMESTAMP_FINAL BIGINT NOT NULL, TIMESTAMP_INICIAL BIGINT NOT NULL, NOME VARCHAR(255) NOT NULL, PERIODO_REPETICAO TINYINT NOT NULL, TIPO_REPETICAO TINYINT NOT NULL, STATUS TINYINT NOT NULL, TITULO VARCHAR(255), USUARIO VARCHAR(255) NOT NULL, COD_ALARME BIGINT, PRIMARY KEY (CODIGO))")
[EL Warning]: 2013-09-14 11:58:52.937--ServerSession(263947924)--Exception [EclipseLink-4002] (Eclipse Persistence Services - 2.4.1.v20121003-ad44345): org.eclipse.persistence.exceptions.DatabaseException
Internal Exception: com.mysql.jdbc.exceptions.jdbc4.MySQLSyntaxErrorException: Table 'view_tree' already exists
Error Code: 1050
Call: CREATE TABLE VIEW_TREE (CODIGO BIGINT NOT NULL, COMPONENTE VARCHAR(255) NOT NULL, NOME_FONTE VARCHAR(255) NOT NULL, CODIGO_FONTE BIGINT NOT NULL, TIPO_FONTE VARCHAR(255) NOT NULL, COD_UG BIGINT NOT NULL, UG VARCHAR(255) NOT NULL, COD_USINA BIGINT NOT NULL, USINA VARCHAR(255) NOT NULL, PRIMARY KEY (CODIGO))
Query: DataModifyQuery(sql="CREATE TABLE VIEW_TREE (CODIGO BIGINT NOT NULL, COMPONENTE VARCHAR(255) NOT NULL, NOME_FONTE VARCHAR(255) NOT NULL, CODIGO_FONTE BIGINT NOT NULL, TIPO_FONTE VARCHAR(255) NOT NULL, COD_UG BIGINT NOT NULL, UG VARCHAR(255) NOT NULL, COD_USINA BIGINT NOT NULL, USINA VARCHAR(255) NOT NULL, PRIMARY KEY (CODIGO))")
[EL Warning]: 2013-09-14 11:58:52.938--ServerSession(263947924)--Exception [EclipseLink-4002] (Eclipse Persistence Services - 2.4.1.v20121003-ad44345): org.eclipse.persistence.exceptions.DatabaseException
Internal Exception: com.mysql.jdbc.exceptions.jdbc4.MySQLSyntaxErrorException: Table 'comportamento_meta' already exists
Error Code: 1050
Call: CREATE TABLE COMPORTAMENTO_META (CODIGO BIGINT NOT NULL, PAPEL INTEGER NOT NULL, COD_COMPORTAMENTO BIGINT NOT NULL, COD_FONTE_META BIGINT NOT NULL, PRIMARY KEY (CODIGO))
Query: DataModifyQuery(sql="CREATE TABLE COMPORTAMENTO_META (CODIGO BIGINT NOT NULL, PAPEL INTEGER NOT NULL, COD_COMPORTAMENTO BIGINT NOT NULL, COD_FONTE_META BIGINT NOT NULL, PRIMARY KEY (CODIGO))")
[EL Warning]: 2013-09-14 11:58:52.94--ServerSession(263947924)--Exception [EclipseLink-4002] (Eclipse Persistence Services - 2.4.1.v20121003-ad44345): org.eclipse.persistence.exceptions.DatabaseException
Internal Exception: com.mysql.jdbc.exceptions.jdbc4.MySQLSyntaxErrorException: Table 'histograma_vento' already exists
Error Code: 1050
Call: CREATE TABLE HISTOGRAMA_VENTO (CODIGO BIGINT NOT NULL, DATA_REGISTRO DATETIME, DESCRICAO VARCHAR(255), HISTOGRAMA LONGBLOB, NOME VARCHAR(255), PRIMARY KEY (CODIGO))
Query: DataModifyQuery(sql="CREATE TABLE HISTOGRAMA_VENTO (CODIGO BIGINT NOT NULL, DATA_REGISTRO DATETIME, DESCRICAO VARCHAR(255), HISTOGRAMA LONGBLOB, NOME VARCHAR(255), PRIMARY KEY (CODIGO))")
[EL Warning]: 2013-09-14 11:58:52.941--ServerSession(263947924)--Exception [EclipseLink-4002] (Eclipse Persistence Services - 2.4.1.v20121003-ad44345): org.eclipse.persistence.exceptions.DatabaseException
Internal Exception: com.mysql.jdbc.exceptions.jdbc4.MySQLSyntaxErrorException: Table 'modelo_condutor' already exists
Error Code: 1050
Call: CREATE TABLE MODELO_CONDUTOR (CODIGO BIGINT NOT NULL, A DOUBLE, B DOUBLE, DATA_REGISTRO DATETIME, DIAMETRO DOUBLE, K DOUBLE, DENSIDADE_LINEAR DOUBLE, NOME VARCHAR(255), CARGA_RUPTURA DOUBLE, PRIMARY KEY (CODIGO))
Query: DataModifyQuery(sql="CREATE TABLE MODELO_CONDUTOR (CODIGO BIGINT NOT NULL, A DOUBLE, B DOUBLE, DATA_REGISTRO DATETIME, DIAMETRO DOUBLE, K DOUBLE, DENSIDADE_LINEAR DOUBLE, NOME VARCHAR(255), CARGA_RUPTURA DOUBLE, PRIMARY KEY (CODIGO))")
[EL Warning]: 2013-09-14 11:58:52.942--ServerSession(263947924)--Exception [EclipseLink-4002] (Eclipse Persistence Services - 2.4.1.v20121003-ad44345): org.eclipse.persistence.exceptions.DatabaseException
Internal Exception: com.mysql.jdbc.exceptions.jdbc4.MySQLSyntaxErrorException: Table 'stockbridge' already exists
Error Code: 1050
Call: CREATE TABLE STOCKBRIDGE (CODIGO BIGINT NOT NULL, DATA_REGISTRO DATETIME, DIST_C_DE_MASSA_CONTRAP_MAIOR DOUBLE, DIST_C_DE_MASSA_CONTRAP_MENOR DOUBLE, RIGIDEZ_FLEXAO DOUBLE, FATOR_AMORTECIMENTO DOUBLE, MOM_INERCIA_CONTRAP_MAIOR DOUBLE, MOM_INERCIA_CONTRAP_MENOR DOUBLE, COMPR_CABO_MENSAGEIRO_MAIOR DOUBLE, COMPR_CABO_MENSAGEIRO_MENOR DOUBLE, MASSA_CONTRAPESO_MAIOR DOUBLE, MASSA_CONTRAPESO_MENOR DOUBLE, FABRICANTE VARCHAR(255), MASSA_GARRA DOUBLE, MODELO VARCHAR(255), PRIMARY KEY (CODIGO))
Query: DataModifyQuery(sql="CREATE TABLE STOCKBRIDGE (CODIGO BIGINT NOT NULL, DATA_REGISTRO DATETIME, DIST_C_DE_MASSA_CONTRAP_MAIOR DOUBLE, DIST_C_DE_MASSA_CONTRAP_MENOR DOUBLE, RIGIDEZ_FLEXAO DOUBLE, FATOR_AMORTECIMENTO DOUBLE, MOM_INERCIA_CONTRAP_MAIOR DOUBLE, MOM_INERCIA_CONTRAP_MENOR DOUBLE, COMPR_CABO_MENSAGEIRO_MAIOR DOUBLE, COMPR_CABO_MENSAGEIRO_MENOR DOUBLE, MASSA_CONTRAPESO_MAIOR DOUBLE, MASSA_CONTRAPESO_MENOR DOUBLE, FABRICANTE VARCHAR(255), MASSA_GARRA DOUBLE, MODELO VARCHAR(255), PRIMARY KEY (CODIGO))")
[EL Warning]: 2013-09-14 11:58:52.943--ServerSession(263947924)--Exception [EclipseLink-4002] (Eclipse Persistence Services - 2.4.1.v20121003-ad44345): org.eclipse.persistence.exceptions.DatabaseException
Internal Exception: com.mysql.jdbc.exceptions.jdbc4.MySQLSyntaxErrorException: Table 'stockbridge_exp' already exists
Error Code: 1050
Call: CREATE TABLE STOCKBRIDGE_EXP (CODIGO BIGINT NOT NULL, DATA_REGISTRO DATETIME, DESCRICAO VARCHAR(255), FABRICANTE VARCHAR(255), MODELO VARCHAR(255), DADOS_AMORTECEDOR LONGBLOB, PRIMARY KEY (CODIGO))
Query: DataModifyQuery(sql="CREATE TABLE STOCKBRIDGE_EXP (CODIGO BIGINT NOT NULL, DATA_REGISTRO DATETIME, DESCRICAO VARCHAR(255), FABRICANTE VARCHAR(255), MODELO VARCHAR(255), DADOS_AMORTECEDOR LONGBLOB, PRIMARY KEY (CODIGO))")
[EL Warning]: 2013-09-14 11:58:52.944--ServerSession(263947924)--Exception [EclipseLink-4002] (Eclipse Persistence Services - 2.4.1.v20121003-ad44345): org.eclipse.persistence.exceptions.DatabaseException
Internal Exception: com.mysql.jdbc.exceptions.jdbc4.MySQLSyntaxErrorException: Table 'tipo_fonte_dado' already exists
Error Code: 1050
Call: CREATE TABLE TIPO_FONTE_DADO (CODIGO BIGINT NOT NULL, DATA_REGISTRO DATETIME, DESCRICAO VARCHAR(255), NOME VARCHAR(255) NOT NULL, TITULO VARCHAR(255), COD_GRANDEZA BIGINT NOT NULL, PRIMARY KEY (CODIGO))
Query: DataModifyQuery(sql="CREATE TABLE TIPO_FONTE_DADO (CODIGO BIGINT NOT NULL, DATA_REGISTRO DATETIME, DESCRICAO VARCHAR(255), NOME VARCHAR(255) NOT NULL, TITULO VARCHAR(255), COD_GRANDEZA BIGINT NOT NULL, PRIMARY KEY (CODIGO))")
[EL Warning]: 2013-09-14 11:58:52.945--ServerSession(263947924)--Exception [EclipseLink-4002] (Eclipse Persistence Services - 2.4.1.v20121003-ad44345): org.eclipse.persistence.exceptions.DatabaseException
Internal Exception: com.mysql.jdbc.exceptions.jdbc4.MySQLSyntaxErrorException: Table 'grandeza' already exists
Error Code: 1050
Call: CREATE TABLE GRANDEZA (CODIGO BIGINT NOT NULL, DATA_REGISTRO DATETIME, DESCRICAO VARCHAR(255), GRUPO VARCHAR(255), NOME VARCHAR(255) NOT NULL, TITULO VARCHAR(255), UNIDADE_MEDIDA VARCHAR(255), PRIMARY KEY (CODIGO))
Query: DataModifyQuery(sql="CREATE TABLE GRANDEZA (CODIGO BIGINT NOT NULL, DATA_REGISTRO DATETIME, DESCRICAO VARCHAR(255), GRUPO VARCHAR(255), NOME VARCHAR(255) NOT NULL, TITULO VARCHAR(255), UNIDADE_MEDIDA VARCHAR(255), PRIMARY KEY (CODIGO))")
[EL Warning]: 2013-09-14 11:58:52.947--ServerSession(263947924)--Exception [EclipseLink-4002] (Eclipse Persistence Services - 2.4.1.v20121003-ad44345): org.eclipse.persistence.exceptions.DatabaseException
Internal Exception: com.mysql.jdbc.exceptions.jdbc4.MySQLSyntaxErrorException: Table 'usuario' already exists
Error Code: 1050
Call: CREATE TABLE USUARIO (CODIGO BIGINT NOT NULL, DATA_REGISTRO DATETIME, DESCRICAO VARCHAR(255), EMAIL VARCHAR(255), NOME VARCHAR(255) NOT NULL, SENHA VARCHAR(255) NOT NULL, TITULO VARCHAR(255), PRIMARY KEY (CODIGO))
Query: DataModifyQuery(sql="CREATE TABLE USUARIO (CODIGO BIGINT NOT NULL, DATA_REGISTRO DATETIME, DESCRICAO VARCHAR(255), EMAIL VARCHAR(255), NOME VARCHAR(255) NOT NULL, SENHA VARCHAR(255) NOT NULL, TITULO VARCHAR(255), PRIMARY KEY (CODIGO))")
[EL Warning]: 2013-09-14 11:58:52.948--ServerSession(263947924)--Exception [EclipseLink-4002] (Eclipse Persistence Services - 2.4.1.v20121003-ad44345): org.eclipse.persistence.exceptions.DatabaseException
Internal Exception: com.mysql.jdbc.exceptions.jdbc4.MySQLSyntaxErrorException: Table 'grupo' already exists
Error Code: 1050
Call: CREATE TABLE GRUPO (CODIGO BIGINT NOT NULL, DATA_REGISTRO DATETIME, DESCRICAO VARCHAR(255), NOME VARCHAR(255) NOT NULL, TITULO VARCHAR(255), PRIMARY KEY (CODIGO))
Query: DataModifyQuery(sql="CREATE TABLE GRUPO (CODIGO BIGINT NOT NULL, DATA_REGISTRO DATETIME, DESCRICAO VARCHAR(255), NOME VARCHAR(255) NOT NULL, TITULO VARCHAR(255), PRIMARY KEY (CODIGO))")
[EL Warning]: 2013-09-14 11:58:52.949--ServerSession(263947924)--Exception [EclipseLink-4002] (Eclipse Persistence Services - 2.4.1.v20121003-ad44345): org.eclipse.persistence.exceptions.DatabaseException
Internal Exception: com.mysql.jdbc.exceptions.jdbc4.MySQLSyntaxErrorException: Table 'aplicacao' already exists
Error Code: 1050
Call: CREATE TABLE APLICACAO (CODIGO BIGINT NOT NULL, DATA_REGISTRO DATETIME, DESCRICAO VARCHAR(255), NOME VARCHAR(255) NOT NULL, TITULO VARCHAR(255), PRIMARY KEY (CODIGO))
Query: DataModifyQuery(sql="CREATE TABLE APLICACAO (CODIGO BIGINT NOT NULL, DATA_REGISTRO DATETIME, DESCRICAO VARCHAR(255), NOME VARCHAR(255) NOT NULL, TITULO VARCHAR(255), PRIMARY KEY (CODIGO))")
[EL Warning]: 2013-09-14 11:58:52.95--ServerSession(263947924)--Exception [EclipseLink-4002] (Eclipse Persistence Services - 2.4.1.v20121003-ad44345): org.eclipse.persistence.exceptions.DatabaseException
Internal Exception: com.mysql.jdbc.exceptions.jdbc4.MySQLSyntaxErrorException: Table 'funcionalidade' already exists
Error Code: 1050
Call: CREATE TABLE FUNCIONALIDADE (CODIGO BIGINT NOT NULL, PARAMETROS_CONFIGURACAO VARCHAR(255) NOT NULL, DATA_REGISTRO DATETIME, DESCRICAO VARCHAR(255), CLASSE_INTERFACE VARCHAR(255) NOT NULL, NOME VARCHAR(255) NOT NULL, PRIORIDADE INTEGER NOT NULL, TITULO VARCHAR(255), COD_APLICACAO BIGINT, PRIMARY KEY (CODIGO))
Query: DataModifyQuery(sql="CREATE TABLE FUNCIONALIDADE (CODIGO BIGINT NOT NULL, PARAMETROS_CONFIGURACAO VARCHAR(255) NOT NULL, DATA_REGISTRO DATETIME, DESCRICAO VARCHAR(255), CLASSE_INTERFACE VARCHAR(255) NOT NULL, NOME VARCHAR(255) NOT NULL, PRIORIDADE INTEGER NOT NULL, TITULO VARCHAR(255), COD_APLICACAO BIGINT, PRIMARY KEY (CODIGO))")
[EL Warning]: 2013-09-14 11:58:52.951--ServerSession(263947924)--Exception [EclipseLink-4002] (Eclipse Persistence Services - 2.4.1.v20121003-ad44345): org.eclipse.persistence.exceptions.DatabaseException
Internal Exception: com.mysql.jdbc.exceptions.jdbc4.MySQLSyntaxErrorException: Table 'tem_ocorrencia' already exists
Error Code: 1050
Call: CREATE TABLE TEM_OCORRENCIA (CODIGO BIGINT NOT NULL, OCORRENCIAS INTEGER NOT NULL, DATA_REGISTRO DATETIME, DIA INTEGER NOT NULL, MES INTEGER NOT NULL, CODIGO_PLANTA BIGINT NOT NULL, USUARIO VARCHAR(255) NOT NULL, ANO INTEGER NOT NULL, PRIMARY KEY (CODIGO))
Query: DataModifyQuery(sql="CREATE TABLE TEM_OCORRENCIA (CODIGO BIGINT NOT NULL, OCORRENCIAS INTEGER NOT NULL, DATA_REGISTRO DATETIME, DIA INTEGER NOT NULL, MES INTEGER NOT NULL, CODIGO_PLANTA BIGINT NOT NULL, USUARIO VARCHAR(255) NOT NULL, ANO INTEGER NOT NULL, PRIMARY KEY (CODIGO))")
[EL Warning]: 2013-09-14 11:58:52.952--ServerSession(263947924)--Exception [EclipseLink-4002] (Eclipse Persistence Services - 2.4.1.v20121003-ad44345): org.eclipse.persistence.exceptions.DatabaseException
Internal Exception: com.mysql.jdbc.exceptions.jdbc4.MySQLSyntaxErrorException: Table 'detalhe_ocorrencia' already exists
Error Code: 1050
Call: CREATE TABLE DETALHE_OCORRENCIA (CODIGO BIGINT NOT NULL, DATA_REGISTRO DATETIME, COD_FONTE_DADO BIGINT NOT NULL, CODIGO_REQUISICAO BIGINT NOT NULL, PRIMARY KEY (CODIGO))
Query: DataModifyQuery(sql="CREATE TABLE DETALHE_OCORRENCIA (CODIGO BIGINT NOT NULL, DATA_REGISTRO DATETIME, COD_FONTE_DADO BIGINT NOT NULL, CODIGO_REQUISICAO BIGINT NOT NULL, PRIMARY KEY (CODIGO))")
[EL Warning]: 2013-09-14 11:58:52.953--ServerSession(263947924)--Exception [EclipseLink-4002] (Eclipse Persistence Services - 2.4.1.v20121003-ad44345): org.eclipse.persistence.exceptions.DatabaseException
Internal Exception: com.mysql.jdbc.exceptions.jdbc4.MySQLSyntaxErrorException: Table 'vida_residual_medida' already exists
Error Code: 1050
Call: CREATE TABLE VIDA_RESIDUAL_MEDIDA (DATA BIGINT NOT NULL, VALOR FLOAT NOT NULL, COD_SERIES BIGINT NOT NULL, PRIMARY KEY (DATA, COD_SERIES))
Query: DataModifyQuery(sql="CREATE TABLE VIDA_RESIDUAL_MEDIDA (DATA BIGINT NOT NULL, VALOR FLOAT NOT NULL, COD_SERIES BIGINT NOT NULL, PRIMARY KEY (DATA, COD_SERIES))")
[EL Warning]: 2013-09-14 11:58:52.954--ServerSession(263947924)--Exception [EclipseLink-4002] (Eclipse Persistence Services - 2.4.1.v20121003-ad44345): org.eclipse.persistence.exceptions.DatabaseException
Internal Exception: com.mysql.jdbc.exceptions.jdbc4.MySQLSyntaxErrorException: Table 'vida_residual_series' already exists
Error Code: 1050
Call: CREATE TABLE VIDA_RESIDUAL_SERIES (CODIGO BIGINT NOT NULL, DATA_REGISTRO DATETIME, INTERVALO FLOAT NOT NULL, COD_VIDA_META BIGINT NOT NULL, PRIMARY KEY (CODIGO))
Query: DataModifyQuery(sql="CREATE TABLE VIDA_RESIDUAL_SERIES (CODIGO BIGINT NOT NULL, DATA_REGISTRO DATETIME, INTERVALO FLOAT NOT NULL, COD_VIDA_META BIGINT NOT NULL, PRIMARY KEY (CODIGO))")
[EL Warning]: 2013-09-14 11:58:52.955--ServerSession(263947924)--Exception [EclipseLink-4002] (Eclipse Persistence Services - 2.4.1.v20121003-ad44345): org.eclipse.persistence.exceptions.DatabaseException
Internal Exception: com.mysql.jdbc.exceptions.jdbc4.MySQLSyntaxErrorException: Table 'vida_residual_meta' already exists
Error Code: 1050
Call: CREATE TABLE VIDA_RESIDUAL_META (CODIGO BIGINT NOT NULL, METODO_CALCULO VARCHAR(255) NOT NULL, TIPO_DEGRADACAO VARCHAR(255) NOT NULL, SEGMENTO VARCHAR(255) NOT NULL, PRIMARY KEY (CODIGO))
Query: DataModifyQuery(sql="CREATE TABLE VIDA_RESIDUAL_META (CODIGO BIGINT NOT NULL, METODO_CALCULO VARCHAR(255) NOT NULL, TIPO_DEGRADACAO VARCHAR(255) NOT NULL, SEGMENTO VARCHAR(255) NOT NULL, PRIMARY KEY (CODIGO))")
[EL Warning]: 2013-09-14 11:58:52.956--ServerSession(263947924)--Exception [EclipseLink-4002] (Eclipse Persistence Services - 2.4.1.v20121003-ad44345): org.eclipse.persistence.exceptions.DatabaseException
Internal Exception: com.mysql.jdbc.exceptions.jdbc4.MySQLSyntaxErrorException: Table 'abs_arvore_folha' already exists
Error Code: 1050
Call: CREATE TABLE ABS_ARVORE_FOLHA (CODIGO BIGINT NOT NULL, TIPO_CLASSE VARCHAR(31), DATA_REGISTRO DATETIME, DESCRICAO VARCHAR(255), NOME VARCHAR(255) NOT NULL, REFERENCIA BIGINT NOT NULL, TITULO VARCHAR(255) NOT NULL, TIPO VARCHAR(255) NOT NULL, PAI BIGINT, PRIMARY KEY (CODIGO))
Query: DataModifyQuery(sql="CREATE TABLE ABS_ARVORE_FOLHA (CODIGO BIGINT NOT NULL, TIPO_CLASSE VARCHAR(31), DATA_REGISTRO DATETIME, DESCRICAO VARCHAR(255), NOME VARCHAR(255) NOT NULL, REFERENCIA BIGINT NOT NULL, TITULO VARCHAR(255) NOT NULL, TIPO VARCHAR(255) NOT NULL, PAI BIGINT, PRIMARY KEY (CODIGO))")
[EL Warning]: 2013-09-14 11:58:52.957--ServerSession(263947924)--Exception [EclipseLink-4002] (Eclipse Persistence Services - 2.4.1.v20121003-ad44345): org.eclipse.persistence.exceptions.DatabaseException
Internal Exception: com.mysql.jdbc.exceptions.jdbc4.MySQLSyntaxErrorException: Table 'abs_arvore_no' already exists
Error Code: 1050
Call: CREATE TABLE ABS_ARVORE_NO (CODIGO BIGINT NOT NULL, PRIMARY KEY (CODIGO))
Query: DataModifyQuery(sql="CREATE TABLE ABS_ARVORE_NO (CODIGO BIGINT NOT NULL, PRIMARY KEY (CODIGO))")
[EL Warning]: 2013-09-14 11:58:52.958--ServerSession(263947924)--Exception [EclipseLink-4002] (Eclipse Persistence Services - 2.4.1.v20121003-ad44345): org.eclipse.persistence.exceptions.DatabaseException
Internal Exception: com.mysql.jdbc.exceptions.jdbc4.MySQLSyntaxErrorException: Table 'arvore_folha' already exists
Error Code: 1050
Call: CREATE TABLE ARVORE_FOLHA (CODIGO BIGINT NOT NULL, PRIMARY KEY (CODIGO))
Query: DataModifyQuery(sql="CREATE TABLE ARVORE_FOLHA (CODIGO BIGINT NOT NULL, PRIMARY KEY (CODIGO))")
[EL Warning]: 2013-09-14 11:58:52.958--ServerSession(263947924)--Exception [EclipseLink-4002] (Eclipse Persistence Services - 2.4.1.v20121003-ad44345): org.eclipse.persistence.exceptions.DatabaseException
Internal Exception: com.mysql.jdbc.exceptions.jdbc4.MySQLSyntaxErrorException: Table 'arvore_no' already exists
Error Code: 1050
Call: CREATE TABLE ARVORE_NO (CODIGO BIGINT NOT NULL, PRIMARY KEY (CODIGO))
Query: DataModifyQuery(sql="CREATE TABLE ARVORE_NO (CODIGO BIGINT NOT NULL, PRIMARY KEY (CODIGO))")
[EL Warning]: 2013-09-14 11:58:52.959--ServerSession(263947924)--Exception [EclipseLink-4002] (Eclipse Persistence Services - 2.4.1.v20121003-ad44345): org.eclipse.persistence.exceptions.DatabaseException
Internal Exception: com.mysql.jdbc.exceptions.jdbc4.MySQLSyntaxErrorException: Table 'historico_meta' already exists
Error Code: 1050
Call: CREATE TABLE HISTORICO_META (CODIGO BIGINT NOT NULL, ETIQUETA VARCHAR(255) NOT NULL, COD_FONTE_DADO BIGINT NOT NULL, PRIMARY KEY (CODIGO))
Query: DataModifyQuery(sql="CREATE TABLE HISTORICO_META (CODIGO BIGINT NOT NULL, ETIQUETA VARCHAR(255) NOT NULL, COD_FONTE_DADO BIGINT NOT NULL, PRIMARY KEY (CODIGO))")
[EL Warning]: 2013-09-14 11:58:52.96--ServerSession(263947924)--Exception [EclipseLink-4002] (Eclipse Persistence Services - 2.4.1.v20121003-ad44345): org.eclipse.persistence.exceptions.DatabaseException
Internal Exception: com.mysql.jdbc.exceptions.jdbc4.MySQLSyntaxErrorException: Table 'historico_series' already exists
Error Code: 1050
Call: CREATE TABLE HISTORICO_SERIES (CODIGO BIGINT NOT NULL, DATA_REGISTRO DATETIME, INTERVALO FLOAT NOT NULL, COD_HIST_META BIGINT NOT NULL, PRIMARY KEY (CODIGO))
Query: DataModifyQuery(sql="CREATE TABLE HISTORICO_SERIES (CODIGO BIGINT NOT NULL, DATA_REGISTRO DATETIME, INTERVALO FLOAT NOT NULL, COD_HIST_META BIGINT NOT NULL, PRIMARY KEY (CODIGO))")
[EL Warning]: 2013-09-14 11:58:52.961--ServerSession(263947924)--Exception [EclipseLink-4002] (Eclipse Persistence Services - 2.4.1.v20121003-ad44345): org.eclipse.persistence.exceptions.DatabaseException
Internal Exception: com.mysql.jdbc.exceptions.jdbc4.MySQLSyntaxErrorException: Table 'historico_medida' already exists
Error Code: 1050
Call: CREATE TABLE HISTORICO_MEDIDA (DATA BIGINT NOT NULL, VALOR FLOAT NOT NULL, COD_HIST_SERIES BIGINT NOT NULL, PRIMARY KEY (DATA, COD_HIST_SERIES))
Query: DataModifyQuery(sql="CREATE TABLE HISTORICO_MEDIDA (DATA BIGINT NOT NULL, VALOR FLOAT NOT NULL, COD_HIST_SERIES BIGINT NOT NULL, PRIMARY KEY (DATA, COD_HIST_SERIES))")
[EL Warning]: 2013-09-14 11:58:52.962--ServerSession(263947924)--Exception [EclipseLink-4002] (Eclipse Persistence Services - 2.4.1.v20121003-ad44345): org.eclipse.persistence.exceptions.DatabaseException
Internal Exception: com.mysql.jdbc.exceptions.jdbc4.MySQLSyntaxErrorException: Table 'grupo_usuario' already exists
Error Code: 1050
Call: CREATE TABLE GRUPO_USUARIO (COD_USUARIO BIGINT NOT NULL, COD_GRUPO BIGINT NOT NULL, PRIMARY KEY (COD_USUARIO, COD_GRUPO))
Query: DataModifyQuery(sql="CREATE TABLE GRUPO_USUARIO (COD_USUARIO BIGINT NOT NULL, COD_GRUPO BIGINT NOT NULL, PRIMARY KEY (COD_USUARIO, COD_GRUPO))")
[EL Warning]: 2013-09-14 11:58:52.963--ServerSession(263947924)--Exception [EclipseLink-4002] (Eclipse Persistence Services - 2.4.1.v20121003-ad44345): org.eclipse.persistence.exceptions.DatabaseException
Internal Exception: com.mysql.jdbc.exceptions.jdbc4.MySQLSyntaxErrorException: Table 'permissao_aplicacao' already exists
Error Code: 1050
Call: CREATE TABLE PERMISSAO_APLICACAO (COD_GRUPO BIGINT NOT NULL, COD_APLICACAO BIGINT NOT NULL, PRIMARY KEY (COD_GRUPO, COD_APLICACAO))
Query: DataModifyQuery(sql="CREATE TABLE PERMISSAO_APLICACAO (COD_GRUPO BIGINT NOT NULL, COD_APLICACAO BIGINT NOT NULL, PRIMARY KEY (COD_GRUPO, COD_APLICACAO))")
[EL Warning]: 2013-09-14 11:58:52.964--ServerSession(263947924)--Exception [EclipseLink-4002] (Eclipse Persistence Services - 2.4.1.v20121003-ad44345): org.eclipse.persistence.exceptions.DatabaseException
Internal Exception: com.mysql.jdbc.exceptions.jdbc4.MySQLSyntaxErrorException: Table 'permissao_funcionalidade' already exists
Error Code: 1050
Call: CREATE TABLE PERMISSAO_FUNCIONALIDADE (COD_GRUPO BIGINT NOT NULL, COD_FUNCIONALIDADE BIGINT NOT NULL, PRIMARY KEY (COD_GRUPO, COD_FUNCIONALIDADE))
Query: DataModifyQuery(sql="CREATE TABLE PERMISSAO_FUNCIONALIDADE (COD_GRUPO BIGINT NOT NULL, COD_FUNCIONALIDADE BIGINT NOT NULL, PRIMARY KEY (COD_GRUPO, COD_FUNCIONALIDADE))")
[EL Warning]: 2013-09-14 11:58:52.965--ServerSession(263947924)--Exception [EclipseLink-4002] (Eclipse Persistence Services - 2.4.1.v20121003-ad44345): org.eclipse.persistence.exceptions.DatabaseException
Internal Exception: com.mysql.jdbc.exceptions.jdbc4.MySQLSyntaxErrorException: Duplicate key name 'UNQ_COMPORTAMENTO_0'
Error Code: 1061
Call: ALTER TABLE COMPORTAMENTO ADD CONSTRAINT UNQ_COMPORTAMENTO_0 UNIQUE (NOME)
Query: DataModifyQuery(sql="ALTER TABLE COMPORTAMENTO ADD CONSTRAINT UNQ_COMPORTAMENTO_0 UNIQUE (NOME)")
[EL Warning]: 2013-09-14 11:58:52.965--ServerSession(263947924)--Exception [EclipseLink-4002] (Eclipse Persistence Services - 2.4.1.v20121003-ad44345): org.eclipse.persistence.exceptions.DatabaseException
Internal Exception: com.mysql.jdbc.exceptions.jdbc4.MySQLSyntaxErrorException: Duplicate key name 'UNQ_COMPONENTE_0'
Error Code: 1061
Call: ALTER TABLE COMPONENTE ADD CONSTRAINT UNQ_COMPONENTE_0 UNIQUE (NOME)
Query: DataModifyQuery(sql="ALTER TABLE COMPONENTE ADD CONSTRAINT UNQ_COMPONENTE_0 UNIQUE (NOME)")
[EL Warning]: 2013-09-14 11:58:52.966--ServerSession(263947924)--Exception [EclipseLink-4002] (Eclipse Persistence Services - 2.4.1.v20121003-ad44345): org.eclipse.persistence.exceptions.DatabaseException
Internal Exception: com.mysql.jdbc.exceptions.jdbc4.MySQLSyntaxErrorException: Duplicate key name 'UNQ_META_DADOS_0'
Error Code: 1061
Call: ALTER TABLE META_DADOS ADD CONSTRAINT UNQ_META_DADOS_0 UNIQUE (NOME)
Query: DataModifyQuery(sql="ALTER TABLE META_DADOS ADD CONSTRAINT UNQ_META_DADOS_0 UNIQUE (NOME)")
[EL Warning]: 2013-09-14 11:58:52.967--ServerSession(263947924)--Exception [EclipseLink-4002] (Eclipse Persistence Services - 2.4.1.v20121003-ad44345): org.eclipse.persistence.exceptions.DatabaseException
Internal Exception: com.mysql.jdbc.exceptions.jdbc4.MySQLSyntaxErrorException: Duplicate key name 'UNQ_UNIDADE_GERADORA_0'
Error Code: 1061
Call: ALTER TABLE UNIDADE_GERADORA ADD CONSTRAINT UNQ_UNIDADE_GERADORA_0 UNIQUE (NOME)
Query: DataModifyQuery(sql="ALTER TABLE UNIDADE_GERADORA ADD CONSTRAINT UNQ_UNIDADE_GERADORA_0 UNIQUE (NOME)")
[EL Warning]: 2013-09-14 11:58:52.968--ServerSession(263947924)--Exception [EclipseLink-4002] (Eclipse Persistence Services - 2.4.1.v20121003-ad44345): org.eclipse.persistence.exceptions.DatabaseException
Internal Exception: com.mysql.jdbc.exceptions.jdbc4.MySQLSyntaxErrorException: Duplicate key name 'UNQ_LOCALIZACAO_0'
Error Code: 1061
Call: ALTER TABLE LOCALIZACAO ADD CONSTRAINT UNQ_LOCALIZACAO_0 UNIQUE (NOME)
Query: DataModifyQuery(sql="ALTER TABLE LOCALIZACAO ADD CONSTRAINT UNQ_LOCALIZACAO_0 UNIQUE (NOME)")
[EL Warning]: 2013-09-14 11:58:52.969--ServerSession(263947924)--Exception [EclipseLink-4002] (Eclipse Persistence Services - 2.4.1.v20121003-ad44345): org.eclipse.persistence.exceptions.DatabaseException
Internal Exception: com.mysql.jdbc.exceptions.jdbc4.MySQLSyntaxErrorException: Duplicate key name 'UNQ_USINA_0'
Error Code: 1061
Call: ALTER TABLE USINA ADD CONSTRAINT UNQ_USINA_0 UNIQUE (NOME)
Query: DataModifyQuery(sql="ALTER TABLE USINA ADD CONSTRAINT UNQ_USINA_0 UNIQUE (NOME)")
[EL Warning]: 2013-09-14 11:58:52.97--ServerSession(263947924)--Exception [EclipseLink-4002] (Eclipse Persistence Services - 2.4.1.v20121003-ad44345): org.eclipse.persistence.exceptions.DatabaseException
Internal Exception: com.mysql.jdbc.exceptions.jdbc4.MySQLSyntaxErrorException: Duplicate key name 'UNQ_FILA_0'
Error Code: 1061
Call: ALTER TABLE FILA ADD CONSTRAINT UNQ_FILA_0 UNIQUE (NOME)
Query: DataModifyQuery(sql="ALTER TABLE FILA ADD CONSTRAINT UNQ_FILA_0 UNIQUE (NOME)")
[EL Warning]: 2013-09-14 11:58:52.971--ServerSession(263947924)--Exception [EclipseLink-4002] (Eclipse Persistence Services - 2.4.1.v20121003-ad44345): org.eclipse.persistence.exceptions.DatabaseException
Internal Exception: com.mysql.jdbc.exceptions.jdbc4.MySQLSyntaxErrorException: Duplicate key name 'UNQ_SOLICITACAO_AGENDAMENTO_0'
Error Code: 1061
Call: ALTER TABLE SOLICITACAO_AGENDAMENTO ADD CONSTRAINT UNQ_SOLICITACAO_AGENDAMENTO_0 UNIQUE (NOME)
Query: DataModifyQuery(sql="ALTER TABLE SOLICITACAO_AGENDAMENTO ADD CONSTRAINT UNQ_SOLICITACAO_AGENDAMENTO_0 UNIQUE (NOME)")
[EL Warning]: 2013-09-14 11:58:52.973--ServerSession(263947924)--Exception [EclipseLink-4002] (Eclipse Persistence Services - 2.4.1.v20121003-ad44345): org.eclipse.persistence.exceptions.DatabaseException
Internal Exception: com.mysql.jdbc.exceptions.jdbc4.MySQLSyntaxErrorException: Duplicate key name 'UNQ_TIPO_FONTE_DADO_0'
Error Code: 1061
Call: ALTER TABLE TIPO_FONTE_DADO ADD CONSTRAINT UNQ_TIPO_FONTE_DADO_0 UNIQUE (NOME)
Query: DataModifyQuery(sql="ALTER TABLE TIPO_FONTE_DADO ADD CONSTRAINT UNQ_TIPO_FONTE_DADO_0 UNIQUE (NOME)")
[EL Warning]: 2013-09-14 11:58:52.974--ServerSession(263947924)--Exception [EclipseLink-4002] (Eclipse Persistence Services - 2.4.1.v20121003-ad44345): org.eclipse.persistence.exceptions.DatabaseException
Internal Exception: com.mysql.jdbc.exceptions.jdbc4.MySQLSyntaxErrorException: Duplicate key name 'UNQ_GRANDEZA_0'
Error Code: 1061
Call: ALTER TABLE GRANDEZA ADD CONSTRAINT UNQ_GRANDEZA_0 UNIQUE (NOME)
Query: DataModifyQuery(sql="ALTER TABLE GRANDEZA ADD CONSTRAINT UNQ_GRANDEZA_0 UNIQUE (NOME)")
[EL Warning]: 2013-09-14 11:58:52.975--ServerSession(263947924)--Exception [EclipseLink-4002] (Eclipse Persistence Services - 2.4.1.v20121003-ad44345): org.eclipse.persistence.exceptions.DatabaseException
Internal Exception: com.mysql.jdbc.exceptions.jdbc4.MySQLSyntaxErrorException: Duplicate key name 'UNQ_USUARIO_0'
Error Code: 1061
Call: ALTER TABLE USUARIO ADD CONSTRAINT UNQ_USUARIO_0 UNIQUE (NOME)
Query: DataModifyQuery(sql="ALTER TABLE USUARIO ADD CONSTRAINT UNQ_USUARIO_0 UNIQUE (NOME)")
[EL Warning]: 2013-09-14 11:58:52.975--ServerSession(263947924)--Exception [EclipseLink-4002] (Eclipse Persistence Services - 2.4.1.v20121003-ad44345): org.eclipse.persistence.exceptions.DatabaseException
Internal Exception: com.mysql.jdbc.exceptions.jdbc4.MySQLSyntaxErrorException: Duplicate key name 'UNQ_APLICACAO_0'
Error Code: 1061
Call: ALTER TABLE APLICACAO ADD CONSTRAINT UNQ_APLICACAO_0 UNIQUE (NOME)
Query: DataModifyQuery(sql="ALTER TABLE APLICACAO ADD CONSTRAINT UNQ_APLICACAO_0 UNIQUE (NOME)")
[EL Warning]: 2013-09-14 11:58:52.977--ServerSession(263947924)--Exception [EclipseLink-4002] (Eclipse Persistence Services - 2.4.1.v20121003-ad44345): org.eclipse.persistence.exceptions.DatabaseException
Internal Exception: com.mysql.jdbc.exceptions.jdbc4.MySQLSyntaxErrorException: Duplicate key name 'UNQ_FUNCIONALIDADE_0'
Error Code: 1061
Call: ALTER TABLE FUNCIONALIDADE ADD CONSTRAINT UNQ_FUNCIONALIDADE_0 UNIQUE (NOME)
Query: DataModifyQuery(sql="ALTER TABLE FUNCIONALIDADE ADD CONSTRAINT UNQ_FUNCIONALIDADE_0 UNIQUE (NOME)")
[EL Warning]: 2013-09-14 11:58:53.035--ServerSession(263947924)--Exception [EclipseLink-4002] (Eclipse Persistence Services - 2.4.1.v20121003-ad44345): org.eclipse.persistence.exceptions.DatabaseException
Internal Exception: java.sql.SQLException: Can't create table 'soma.#sql-15f_645' (errno: 121)
Error Code: 1005
Call: ALTER TABLE HISTORICO_VIDA_UTIL ADD CONSTRAINT FK_HISTORICO_VIDA_UTIL_COD_FONTE_DADO FOREIGN KEY (COD_FONTE_DADO) REFERENCES FONTE_DADO (CODIGO)
Query: DataModifyQuery(sql="ALTER TABLE HISTORICO_VIDA_UTIL ADD CONSTRAINT FK_HISTORICO_VIDA_UTIL_COD_FONTE_DADO FOREIGN KEY (COD_FONTE_DADO) REFERENCES FONTE_DADO (CODIGO)")
[EL Warning]: 2013-09-14 11:58:53.32--ServerSession(263947924)--Exception [EclipseLink-4002] (Eclipse Persistence Services - 2.4.1.v20121003-ad44345): org.eclipse.persistence.exceptions.DatabaseException
Internal Exception: java.sql.SQLException: Can't create table 'soma.#sql-15f_645' (errno: 121)
Error Code: 1005
Call: ALTER TABLE ALARME ADD CONSTRAINT FK_ALARME_COD_FONTE_DADO FOREIGN KEY (COD_FONTE_DADO) REFERENCES FONTE_DADO (CODIGO)
Query: DataModifyQuery(sql="ALTER TABLE ALARME ADD CONSTRAINT FK_ALARME_COD_FONTE_DADO FOREIGN KEY (COD_FONTE_DADO) REFERENCES FONTE_DADO (CODIGO)")
[EL Warning]: 2013-09-14 11:58:53.499--ServerSession(263947924)--Exception [EclipseLink-4002] (Eclipse Persistence Services - 2.4.1.v20121003-ad44345): org.eclipse.persistence.exceptions.DatabaseException
Internal Exception: java.sql.SQLException: Can't create table 'soma.#sql-15f_645' (errno: 121)
Error Code: 1005
Call: ALTER TABLE COMPONENTE ADD CONSTRAINT FK_COMPONENTE_ITEM_CODIGO FOREIGN KEY (ITEM_CODIGO) REFERENCES UNIDADE_GERADORA (CODIGO)
Query: DataModifyQuery(sql="ALTER TABLE COMPONENTE ADD CONSTRAINT FK_COMPONENTE_ITEM_CODIGO FOREIGN KEY (ITEM_CODIGO) REFERENCES UNIDADE_GERADORA (CODIGO)")
[EL Warning]: 2013-09-14 11:58:53.783--ServerSession(263947924)--Exception [EclipseLink-4002] (Eclipse Persistence Services - 2.4.1.v20121003-ad44345): org.eclipse.persistence.exceptions.DatabaseException
Internal Exception: java.sql.SQLException: Can't create table 'soma.#sql-15f_645' (errno: 121)
Error Code: 1005
Call: ALTER TABLE META_DADOS ADD CONSTRAINT FK_META_DADOS_TIPO FOREIGN KEY (TIPO) REFERENCES TIPO_FONTE_DADO (CODIGO)
Query: DataModifyQuery(sql="ALTER TABLE META_DADOS ADD CONSTRAINT FK_META_DADOS_TIPO FOREIGN KEY (TIPO) REFERENCES TIPO_FONTE_DADO (CODIGO)")
[EL Warning]: 2013-09-14 11:58:53.946--ServerSession(263947924)--Exception [EclipseLink-4002] (Eclipse Persistence Services - 2.4.1.v20121003-ad44345): org.eclipse.persistence.exceptions.DatabaseException
Internal Exception: java.sql.SQLException: Can't create table 'soma.#sql-15f_645' (errno: 121)
Error Code: 1005
Call: ALTER TABLE FONTE_DADO ADD CONSTRAINT FK_FONTE_DADO_FILA FOREIGN KEY (FILA) REFERENCES FILA (CODIGO)
Query: DataModifyQuery(sql="ALTER TABLE FONTE_DADO ADD CONSTRAINT FK_FONTE_DADO_FILA FOREIGN KEY (FILA) REFERENCES FILA (CODIGO)")
[EL Warning]: 2013-09-14 11:58:54.08--ServerSession(263947924)--Exception [EclipseLink-4002] (Eclipse Persistence Services - 2.4.1.v20121003-ad44345): org.eclipse.persistence.exceptions.DatabaseException
Internal Exception: java.sql.SQLException: Can't create table 'soma.#sql-15f_645' (errno: 121)
Error Code: 1005
Call: ALTER TABLE HISTORICO ADD CONSTRAINT FK_HISTORICO_COD_FONTE_DADO FOREIGN KEY (COD_FONTE_DADO) REFERENCES FONTE_DADO (CODIGO)
Query: DataModifyQuery(sql="ALTER TABLE HISTORICO ADD CONSTRAINT FK_HISTORICO_COD_FONTE_DADO FOREIGN KEY (COD_FONTE_DADO) REFERENCES FONTE_DADO (CODIGO)")
[EL Warning]: 2013-09-14 11:58:54.213--ServerSession(263947924)--Exception [EclipseLink-4002] (Eclipse Persistence Services - 2.4.1.v20121003-ad44345): org.eclipse.persistence.exceptions.DatabaseException
Internal Exception: java.sql.SQLException: Can't create table 'soma.#sql-15f_645' (errno: 121)
Error Code: 1005
Call: ALTER TABLE UNIDADE_GERADORA ADD CONSTRAINT FK_UNIDADE_GERADORA_COD_USINA FOREIGN KEY (COD_USINA) REFERENCES USINA (CODIGO)
Query: DataModifyQuery(sql="ALTER TABLE UNIDADE_GERADORA ADD CONSTRAINT FK_UNIDADE_GERADORA_COD_USINA FOREIGN KEY (COD_USINA) REFERENCES USINA (CODIGO)")
[EL Warning]: 2013-09-14 11:58:54.348--ServerSession(263947924)--Exception [EclipseLink-4002] (Eclipse Persistence Services - 2.4.1.v20121003-ad44345): org.eclipse.persistence.exceptions.DatabaseException
Internal Exception: java.sql.SQLException: Can't create table 'soma.#sql-15f_645' (errno: 121)
Error Code: 1005
Call: ALTER TABLE MEDIDA_ADQUIRIDA_BRUTA ADD CONSTRAINT FK_MEDIDA_ADQUIRIDA_BRUTA_COD_FONTE_DADO FOREIGN KEY (COD_FONTE_DADO) REFERENCES FONTE_DADO (CODIGO)
Query: DataModifyQuery(sql="ALTER TABLE MEDIDA_ADQUIRIDA_BRUTA ADD CONSTRAINT FK_MEDIDA_ADQUIRIDA_BRUTA_COD_FONTE_DADO FOREIGN KEY (COD_FONTE_DADO) REFERENCES FONTE_DADO (CODIGO)")
[EL Warning]: 2013-09-14 11:58:54.482--ServerSession(263947924)--Exception [EclipseLink-4002] (Eclipse Persistence Services - 2.4.1.v20121003-ad44345): org.eclipse.persistence.exceptions.DatabaseException
Internal Exception: java.sql.SQLException: Can't create table 'soma.#sql-15f_645' (errno: 121)
Error Code: 1005
Call: ALTER TABLE ARQUIVO_DADOS_BRUTOS ADD CONSTRAINT FK_ARQUIVO_DADOS_BRUTOS_COD_FONTE_DADO FOREIGN KEY (COD_FONTE_DADO) REFERENCES FONTE_DADO (CODIGO)
Query: DataModifyQuery(sql="ALTER TABLE ARQUIVO_DADOS_BRUTOS ADD CONSTRAINT FK_ARQUIVO_DADOS_BRUTOS_COD_FONTE_DADO FOREIGN KEY (COD_FONTE_DADO) REFERENCES FONTE_DADO (CODIGO)")
[EL Warning]: 2013-09-14 11:58:54.615--ServerSession(263947924)--Exception [EclipseLink-4002] (Eclipse Persistence Services - 2.4.1.v20121003-ad44345): org.eclipse.persistence.exceptions.DatabaseException
Internal Exception: java.sql.SQLException: Can't create table 'soma.#sql-15f_645' (errno: 121)
Error Code: 1005
Call: ALTER TABLE INDICE_DADOS_BRUTOS ADD CONSTRAINT FK_INDICE_DADOS_BRUTOS_COD_FONTE_DADO FOREIGN KEY (COD_FONTE_DADO) REFERENCES FONTE_DADO (CODIGO)
Query: DataModifyQuery(sql="ALTER TABLE INDICE_DADOS_BRUTOS ADD CONSTRAINT FK_INDICE_DADOS_BRUTOS_COD_FONTE_DADO FOREIGN KEY (COD_FONTE_DADO) REFERENCES FONTE_DADO (CODIGO)")
[EL Warning]: 2013-09-14 11:58:54.751--ServerSession(263947924)--Exception [EclipseLink-4002] (Eclipse Persistence Services - 2.4.1.v20121003-ad44345): org.eclipse.persistence.exceptions.DatabaseException
Internal Exception: java.sql.SQLException: Can't create table 'soma.#sql-15f_645' (errno: 121)
Error Code: 1005
Call: ALTER TABLE AGENDAMENTO_USUARIO ADD CONSTRAINT FK_AGENDAMENTO_USUARIO_CODIGO_REQUISICAO FOREIGN KEY (CODIGO_REQUISICAO) REFERENCES SOLICITACAO_AGENDAMENTO (CODIGO)
Query: DataModifyQuery(sql="ALTER TABLE AGENDAMENTO_USUARIO ADD CONSTRAINT FK_AGENDAMENTO_USUARIO_CODIGO_REQUISICAO FOREIGN KEY (CODIGO_REQUISICAO) REFERENCES SOLICITACAO_AGENDAMENTO (CODIGO)")
[EL Warning]: 2013-09-14 11:58:54.885--ServerSession(263947924)--Exception [EclipseLink-4002] (Eclipse Persistence Services - 2.4.1.v20121003-ad44345): org.eclipse.persistence.exceptions.DatabaseException
Internal Exception: java.sql.SQLException: Can't create table 'soma.#sql-15f_645' (errno: 121)
Error Code: 1005
Call: ALTER TABLE SOLICITACAO_AGENDAMENTO ADD CONSTRAINT FK_SOLICITACAO_AGENDAMENTO_COD_ALARME FOREIGN KEY (COD_ALARME) REFERENCES ALARME (CODIGO)
Query: DataModifyQuery(sql="ALTER TABLE SOLICITACAO_AGENDAMENTO ADD CONSTRAINT FK_SOLICITACAO_AGENDAMENTO_COD_ALARME FOREIGN KEY (COD_ALARME) REFERENCES ALARME (CODIGO)")
[EL Warning]: 2013-09-14 11:58:55.018--ServerSession(263947924)--Exception [EclipseLink-4002] (Eclipse Persistence Services - 2.4.1.v20121003-ad44345): org.eclipse.persistence.exceptions.DatabaseException
Internal Exception: java.sql.SQLException: Can't create table 'soma.#sql-15f_645' (errno: 121)
Error Code: 1005
Call: ALTER TABLE COMPORTAMENTO_META ADD CONSTRAINT FK_COMPORTAMENTO_META_COD_COMPORTAMENTO FOREIGN KEY (COD_COMPORTAMENTO) REFERENCES COMPORTAMENTO (CODIGO)
Query: DataModifyQuery(sql="ALTER TABLE COMPORTAMENTO_META ADD CONSTRAINT FK_COMPORTAMENTO_META_COD_COMPORTAMENTO FOREIGN KEY (COD_COMPORTAMENTO) REFERENCES COMPORTAMENTO (CODIGO)")
[EL Warning]: 2013-09-14 11:58:55.152--ServerSession(263947924)--Exception [EclipseLink-4002] (Eclipse Persistence Services - 2.4.1.v20121003-ad44345): org.eclipse.persistence.exceptions.DatabaseException
Internal Exception: java.sql.SQLException: Can't create table 'soma.#sql-15f_645' (errno: 121)
Error Code: 1005
Call: ALTER TABLE TIPO_FONTE_DADO ADD CONSTRAINT FK_TIPO_FONTE_DADO_COD_GRANDEZA FOREIGN KEY (COD_GRANDEZA) REFERENCES GRANDEZA (CODIGO)
Query: DataModifyQuery(sql="ALTER TABLE TIPO_FONTE_DADO ADD CONSTRAINT FK_TIPO_FONTE_DADO_COD_GRANDEZA FOREIGN KEY (COD_GRANDEZA) REFERENCES GRANDEZA (CODIGO)")
[EL Warning]: 2013-09-14 11:58:55.275--ServerSession(263947924)--Exception [EclipseLink-4002] (Eclipse Persistence Services - 2.4.1.v20121003-ad44345): org.eclipse.persistence.exceptions.DatabaseException
Internal Exception: java.sql.SQLException: Can't create table 'soma.#sql-15f_645' (errno: 121)
Error Code: 1005
Call: ALTER TABLE FUNCIONALIDADE ADD CONSTRAINT FK_FUNCIONALIDADE_COD_APLICACAO FOREIGN KEY (COD_APLICACAO) REFERENCES APLICACAO (CODIGO)
Query: DataModifyQuery(sql="ALTER TABLE FUNCIONALIDADE ADD CONSTRAINT FK_FUNCIONALIDADE_COD_APLICACAO FOREIGN KEY (COD_APLICACAO) REFERENCES APLICACAO (CODIGO)")
[EL Warning]: 2013-09-14 11:58:55.399--ServerSession(263947924)--Exception [EclipseLink-4002] (Eclipse Persistence Services - 2.4.1.v20121003-ad44345): org.eclipse.persistence.exceptions.DatabaseException
Internal Exception: java.sql.SQLException: Can't create table 'soma.#sql-15f_645' (errno: 121)
Error Code: 1005
Call: ALTER TABLE VIDA_RESIDUAL_MEDIDA ADD CONSTRAINT FK_VIDA_RESIDUAL_MEDIDA_COD_SERIES FOREIGN KEY (COD_SERIES) REFERENCES VIDA_RESIDUAL_SERIES (CODIGO)
Query: DataModifyQuery(sql="ALTER TABLE VIDA_RESIDUAL_MEDIDA ADD CONSTRAINT FK_VIDA_RESIDUAL_MEDIDA_COD_SERIES FOREIGN KEY (COD_SERIES) REFERENCES VIDA_RESIDUAL_SERIES (CODIGO)")
[EL Warning]: 2013-09-14 11:58:55.534--ServerSession(263947924)--Exception [EclipseLink-4002] (Eclipse Persistence Services - 2.4.1.v20121003-ad44345): org.eclipse.persistence.exceptions.DatabaseException
Internal Exception: java.sql.SQLException: Can't create table 'soma.#sql-15f_645' (errno: 121)
Error Code: 1005
Call: ALTER TABLE VIDA_RESIDUAL_SERIES ADD CONSTRAINT FK_VIDA_RESIDUAL_SERIES_COD_VIDA_META FOREIGN KEY (COD_VIDA_META) REFERENCES VIDA_RESIDUAL_META (CODIGO)
Query: DataModifyQuery(sql="ALTER TABLE VIDA_RESIDUAL_SERIES ADD CONSTRAINT FK_VIDA_RESIDUAL_SERIES_COD_VIDA_META FOREIGN KEY (COD_VIDA_META) REFERENCES VIDA_RESIDUAL_META (CODIGO)")
[EL Warning]: 2013-09-14 11:58:55.655--ServerSession(263947924)--Exception [EclipseLink-4002] (Eclipse Persistence Services - 2.4.1.v20121003-ad44345): org.eclipse.persistence.exceptions.DatabaseException
Internal Exception: java.sql.SQLException: Can't create table 'soma.#sql-15f_645' (errno: 121)
Error Code: 1005
Call: ALTER TABLE VIDA_RESIDUAL_META ADD CONSTRAINT FK_VIDA_RESIDUAL_META_CODIGO FOREIGN KEY (CODIGO) REFERENCES META_DADOS (CODIGO)
Query: DataModifyQuery(sql="ALTER TABLE VIDA_RESIDUAL_META ADD CONSTRAINT FK_VIDA_RESIDUAL_META_CODIGO FOREIGN KEY (CODIGO) REFERENCES META_DADOS (CODIGO)")
[EL Warning]: 2013-09-14 11:58:55.79--ServerSession(263947924)--Exception [EclipseLink-4002] (Eclipse Persistence Services - 2.4.1.v20121003-ad44345): org.eclipse.persistence.exceptions.DatabaseException
Internal Exception: java.sql.SQLException: Can't create table 'soma.#sql-15f_645' (errno: 121)
Error Code: 1005
Call: ALTER TABLE ABS_ARVORE_FOLHA ADD CONSTRAINT FK_ABS_ARVORE_FOLHA_PAI FOREIGN KEY (PAI) REFERENCES ABS_ARVORE_FOLHA (CODIGO)
Query: DataModifyQuery(sql="ALTER TABLE ABS_ARVORE_FOLHA ADD CONSTRAINT FK_ABS_ARVORE_FOLHA_PAI FOREIGN KEY (PAI) REFERENCES ABS_ARVORE_FOLHA (CODIGO)")
[EL Warning]: 2013-09-14 11:58:55.925--ServerSession(263947924)--Exception [EclipseLink-4002] (Eclipse Persistence Services - 2.4.1.v20121003-ad44345): org.eclipse.persistence.exceptions.DatabaseException
Internal Exception: java.sql.SQLException: Can't create table 'soma.#sql-15f_645' (errno: 121)
Error Code: 1005
Call: ALTER TABLE ABS_ARVORE_NO ADD CONSTRAINT FK_ABS_ARVORE_NO_CODIGO FOREIGN KEY (CODIGO) REFERENCES ABS_ARVORE_FOLHA (CODIGO)
Query: DataModifyQuery(sql="ALTER TABLE ABS_ARVORE_NO ADD CONSTRAINT FK_ABS_ARVORE_NO_CODIGO FOREIGN KEY (CODIGO) REFERENCES ABS_ARVORE_FOLHA (CODIGO)")
[EL Warning]: 2013-09-14 11:58:56.06--ServerSession(263947924)--Exception [EclipseLink-4002] (Eclipse Persistence Services - 2.4.1.v20121003-ad44345): org.eclipse.persistence.exceptions.DatabaseException
Internal Exception: java.sql.SQLException: Can't create table 'soma.#sql-15f_645' (errno: 121)
Error Code: 1005
Call: ALTER TABLE ARVORE_FOLHA ADD CONSTRAINT FK_ARVORE_FOLHA_CODIGO FOREIGN KEY (CODIGO) REFERENCES ABS_ARVORE_FOLHA (CODIGO)
Query: DataModifyQuery(sql="ALTER TABLE ARVORE_FOLHA ADD CONSTRAINT FK_ARVORE_FOLHA_CODIGO FOREIGN KEY (CODIGO) REFERENCES ABS_ARVORE_FOLHA (CODIGO)")
[EL Warning]: 2013-09-14 11:58:56.194--ServerSession(263947924)--Exception [EclipseLink-4002] (Eclipse Persistence Services - 2.4.1.v20121003-ad44345): org.eclipse.persistence.exceptions.DatabaseException
Internal Exception: java.sql.SQLException: Can't create table 'soma.#sql-15f_645' (errno: 121)
Error Code: 1005
Call: ALTER TABLE ARVORE_NO ADD CONSTRAINT FK_ARVORE_NO_CODIGO FOREIGN KEY (CODIGO) REFERENCES ABS_ARVORE_FOLHA (CODIGO)
Query: DataModifyQuery(sql="ALTER TABLE ARVORE_NO ADD CONSTRAINT FK_ARVORE_NO_CODIGO FOREIGN KEY (CODIGO) REFERENCES ABS_ARVORE_FOLHA (CODIGO)")
[EL Warning]: 2013-09-14 11:58:56.328--ServerSession(263947924)--Exception [EclipseLink-4002] (Eclipse Persistence Services - 2.4.1.v20121003-ad44345): org.eclipse.persistence.exceptions.DatabaseException
Internal Exception: java.sql.SQLException: Can't create table 'soma.#sql-15f_645' (errno: 121)
Error Code: 1005
Call: ALTER TABLE HISTORICO_META ADD CONSTRAINT FK_HISTORICO_META_CODIGO FOREIGN KEY (CODIGO) REFERENCES META_DADOS (CODIGO)
Query: DataModifyQuery(sql="ALTER TABLE HISTORICO_META ADD CONSTRAINT FK_HISTORICO_META_CODIGO FOREIGN KEY (CODIGO) REFERENCES META_DADOS (CODIGO)")
[EL Warning]: 2013-09-14 11:58:56.462--ServerSession(263947924)--Exception [EclipseLink-4002] (Eclipse Persistence Services - 2.4.1.v20121003-ad44345): org.eclipse.persistence.exceptions.DatabaseException
Internal Exception: java.sql.SQLException: Can't create table 'soma.#sql-15f_645' (errno: 121)
Error Code: 1005
Call: ALTER TABLE HISTORICO_SERIES ADD CONSTRAINT FK_HISTORICO_SERIES_COD_HIST_META FOREIGN KEY (COD_HIST_META) REFERENCES META_DADOS (CODIGO)
Query: DataModifyQuery(sql="ALTER TABLE HISTORICO_SERIES ADD CONSTRAINT FK_HISTORICO_SERIES_COD_HIST_META FOREIGN KEY (COD_HIST_META) REFERENCES META_DADOS (CODIGO)")
[EL Warning]: 2013-09-14 11:58:56.596--ServerSession(263947924)--Exception [EclipseLink-4002] (Eclipse Persistence Services - 2.4.1.v20121003-ad44345): org.eclipse.persistence.exceptions.DatabaseException
Internal Exception: java.sql.SQLException: Can't create table 'soma.#sql-15f_645' (errno: 121)
Error Code: 1005
Call: ALTER TABLE HISTORICO_MEDIDA ADD CONSTRAINT FK_HISTORICO_MEDIDA_COD_HIST_SERIES FOREIGN KEY (COD_HIST_SERIES) REFERENCES HISTORICO_SERIES (CODIGO)
Query: DataModifyQuery(sql="ALTER TABLE HISTORICO_MEDIDA ADD CONSTRAINT FK_HISTORICO_MEDIDA_COD_HIST_SERIES FOREIGN KEY (COD_HIST_SERIES) REFERENCES HISTORICO_SERIES (CODIGO)")
[EL Warning]: 2013-09-14 11:58:56.95--ServerSession(263947924)--Exception [EclipseLink-4002] (Eclipse Persistence Services - 2.4.1.v20121003-ad44345): org.eclipse.persistence.exceptions.DatabaseException
Internal Exception: java.sql.SQLException: Can't create table 'soma.#sql-15f_645' (errno: 121)
Error Code: 1005
Call: ALTER TABLE GRUPO_USUARIO ADD CONSTRAINT FK_GRUPO_USUARIO_COD_GRUPO FOREIGN KEY (COD_GRUPO) REFERENCES GRUPO (CODIGO)
Query: DataModifyQuery(sql="ALTER TABLE GRUPO_USUARIO ADD CONSTRAINT FK_GRUPO_USUARIO_COD_GRUPO FOREIGN KEY (COD_GRUPO) REFERENCES GRUPO (CODIGO)")
[EL Warning]: 2013-09-14 11:58:57.348--ServerSession(263947924)--Exception [EclipseLink-4002] (Eclipse Persistence Services - 2.4.1.v20121003-ad44345): org.eclipse.persistence.exceptions.DatabaseException
Internal Exception: java.sql.SQLException: Can't create table 'soma.#sql-15f_645' (errno: 121)
Error Code: 1005
Call: ALTER TABLE PERMISSAO_APLICACAO ADD CONSTRAINT FK_PERMISSAO_APLICACAO_COD_APLICACAO FOREIGN KEY (COD_APLICACAO) REFERENCES APLICACAO (CODIGO)
Query: DataModifyQuery(sql="ALTER TABLE PERMISSAO_APLICACAO ADD CONSTRAINT FK_PERMISSAO_APLICACAO_COD_APLICACAO FOREIGN KEY (COD_APLICACAO) REFERENCES APLICACAO (CODIGO)")
[EL Warning]: 2013-09-14 11:58:57.482--ServerSession(263947924)--Exception [EclipseLink-4002] (Eclipse Persistence Services - 2.4.1.v20121003-ad44345): org.eclipse.persistence.exceptions.DatabaseException
Internal Exception: java.sql.SQLException: Can't create table 'soma.#sql-15f_645' (errno: 121)
Error Code: 1005
Call: ALTER TABLE PERMISSAO_FUNCIONALIDADE ADD CONSTRAINT FK_PERMISSAO_FUNCIONALIDADE_COD_FUNCIONALIDADE FOREIGN KEY (COD_FUNCIONALIDADE) REFERENCES FUNCIONALIDADE (CODIGO)
Query: DataModifyQuery(sql="ALTER TABLE PERMISSAO_FUNCIONALIDADE ADD CONSTRAINT FK_PERMISSAO_FUNCIONALIDADE_COD_FUNCIONALIDADE FOREIGN KEY (COD_FUNCIONALIDADE) REFERENCES FUNCIONALIDADE (CODIGO)")
[EL Warning]: 2013-09-14 11:58:57.484--ServerSession(263947924)--Exception [EclipseLink-4002] (Eclipse Persistence Services - 2.4.1.v20121003-ad44345): org.eclipse.persistence.exceptions.DatabaseException
Internal Exception: com.mysql.jdbc.exceptions.jdbc4.MySQLSyntaxErrorException: Table 'sequence' already exists
Error Code: 1050
Call: CREATE TABLE SEQUENCE (SEQ_NAME VARCHAR(50) NOT NULL, SEQ_COUNT DECIMAL(38), PRIMARY KEY (SEQ_NAME))
Query: DataModifyQuery(sql="CREATE TABLE SEQUENCE (SEQ_NAME VARCHAR(50) NOT NULL, SEQ_COUNT DECIMAL(38), PRIMARY KEY (SEQ_NAME))")
